AppModel init() - Instance: ObjectIdentifier(0x0000000104e051a0)
🏁 PfizerOutdoCancerApp init starting...
📲 Setting AppModel in PositioningSystem...

🔄 PositioningSystem.setAppModel called
📝 Registering components and systems...
⚙️ Registering PositioningSystem...
✅ PfizerOutdoCancerApp init completed

🎯 PositioningSystem 07068706-5A36-4417-82C3-DCB2F637F09A initializing...
nw_socket_initialize_socket [C1:2] setsockopt SO_NECP_CLIENTUUID failed [22: Invalid argument]
nw_socket_initialize_socket setsockopt SO_NECP_CLIENTUUID failed [22: Invalid argument]
nw_socket_copy_info [C1:2] getsockopt TCP_INFO failed [102: Operation not supported on socket]
nw_socket_copy_info getsockopt TCP_INFO failed [102: Operation not supported on socket]


=== 🚀 STARTING ASSET LOAD ===

=== 🚀 STARTING APP ASSET LOAD ===
AssetLoadingManager: loadAsset(withName: adc, category: adc)
App is being debugged, do not track this hang
Hang detected: 0.32s (debugger attached, not reporting)
App is being debugged, do not track this hang
Hang detected: 0.92s (debugger attached, not reporting)
Registering library (/System/Library/PrivateFrameworks/CoreRE.framework/default.metallib) that already exists in shader manager. Library will be overwritten.
✅ ADC template loaded (using inner Root with audio)
Starting to load asset: intro_environment
Starting to load asset: assembled_lab
Starting to load asset: attack_cancer_environment
Starting to load asset: cancer_cell
AssetLoadingManager: loadAsset(withName: intro_environment, category: introEnvironment)
AssetLoadingManager: loadAsset(withName: assembled_lab, category: labEnvironment)
📱 Starting lab environment assembly
🔄 Loading lab environment scene...
AssetLoadingManager: loadAsset(withName: attack_cancer_environment, category: attackCancerEnvironment)
AssetLoadingManager: loadAsset(withName: cancer_cell, category: cancerCell)
✅ Lab environment scene loaded
🔄 Loading lab equipment...
Invalid Material input type string
Invalid Material input type string
Invalid Material input type string
Invalid Material input type string
onChange(of: LoadingState) action tried to update multiple times per frame.
Invalid Material input type string
Invalid Material input type string
Invalid Material input type string
Invalid Material input type string
Invalid Material input type string
Invalid Material input type string
Invalid Material input type string
Invalid Material input type string
Invalid Material input type string
Invalid Material input type string
Invalid Material input type token
Invalid Material input type token
Invalid Material input type string
Invalid Material input type string
Invalid Material input type string
Invalid Material input type string
✅ Lab equipment loaded
🔄 Setting up Image Based Lighting...
IBL URL: file:///private/var/containers/Bundle/Application/4ABD5F13-8B99-43A7-B437-8FE4F44F67F9/PfizerOutdoCancer.app/lab_v005.exr
App is being debugged, do not track this hang
Hang detected: 0.53s (debugger attached, not reporting)
✅ Image Based Lighting configured
✅ Lab assembly complete and cached
=== ✅ APP ASSET LOAD COMPLETE ===

🎯 Setting up ADC Template
- Template entity: Root
- Antibody Color: -1
- Linker Color: -1
- Payload Color: -1
✅ ADC template stored in gameState

🔄 === PHASE TRANSITION START ===
├─ From: loading
├─ To: intro
├─ Current Tracking State: initialized
├─ Has Hand Tracking: false
├─ Will Need Hand Tracking: true
├─ Immersive Space State: closed
├─ Asset Loading State: completed
└─ Is Transitioning: false
🔄 Phase transition: loading -> intro
🔍 isTransitioning: false
🔍 immersiveSpaceState: closed
✅ Using ADC template prepared during loading phase

=== TRACKING SESSION START ===
=== TRACKING STATE [Start Tracking Request] ===
├─ Tracking Enabled: false
├─ Hand Tracking Enabled: false
└─ Current Provider State: initialized
ar_world_tracking_provider_query_device_anchor_at_timestamp <0x10662c3c0>: The device_anchor can only be queried when the world tracking provider is running.
=== PROVIDER STATES ===
├─ World Provider: initialized
├─ Hand Provider: initialized
└─ Stopped with Error: false
=== TRACKING SESSION STATUS ===
├─ Starting tracking (World + Hand)
🎯 Managing windows for phase: intro
📊 Before state update - nav window open: false
📊 Window states after update:
  Main: true
  Debug: false
  Library: false
  Builder: false
  Phases:
    AppPhase: intro
    ScenePhase: active
    LoadingPhase: completed

🎯 PositioningSystem 5679E567-8D9D-4366-8DBB-32A259328BED initializing...
Initializing hosting entity without a context
Initializing hosting entity without a context
Initializing hosting entity without a context
openImmersiveSpace result for intro: opened
=== HAND TRACKING UPDATES ===
├─ Should Process: true
└─ Provider State: paused
Starting hand tracking updates
=== Setting up IntroView ===
hasBuiltSDC = false

=== INTRO ROOT SETUP in IntroViewModel ===
├─ Root Entity: false
├─ Scene Ready: false
└─ Environment Loaded: false
🔄 Starting new intro session: tracking states reset
📱 IntroViewModel: Setting up root

=== ✅ ROOT SETUP COMPLETE in IntroViewModel ===
├─ Entity Name: IntroRoot
├─ Position: SIMD3<Float>(0.0, -1.5, -1.0)
└─ Has Positioning: true
✅ Added root to content
📱 Starting environment setup

=== ENVIRONMENT SETUP in IntroViewModel ===
AssetLoadingManager: loadAsset(withName: intro_environment, category: introEnvironment)
✅ Loaded intro_environment

=== SKY DOME SETUP in IntroViewModel ===
├─ Entity: SkySphere
└─ Initial Opacity: 0

=== PORTAL SETUP in IntroViewModel ===
📱 Starting lab environment assembly
✅ Using cached assembled lab
✅ Loaded assembled lab environment

=== PORTAL CONFIGURATION in IntroViewModel ===
├─ Portal Created ✅
├─ Initial Opacity: 0.0
└─ Position: [0, -0.25, 0]

=== ADC SETUP in IntroViewModel ===

=== ADC PLACER SETUP ===
├─ Root Entity: IntroRoot
├─ Has Built ADC: false
└─ Has Template: true

✅ ADC Placer Setup Complete
├─ Position: SIMD3<Float>(0.0, 0.0, 0.0)
├─ Opacity: 0.0
├─ Parent: ADC_placer
└─ Components: Input, Rotation, Gesture, Collision

=== EXTRA ADCs SETUP ===
├─ Root Entity: IntroRoot
└─ Has Template: true

🔄 Starting ADC Placement
├─ Transform Points Found: 6
└─ Template Ready: true

✅ Extra ADCs Setup Complete
├─ Attempted: 6
└─ Successfully Placed: 6

=== ✅ PORTAL SETUP COMPLETE in IntroViewModel ===

=== ✅ ENVIRONMENT SETUP COMPLETE in IntroViewModel ===

=== Environment Setup Complete ===
✨ Environment Details
├─ Phase: intro
├─ Root Entity: IntroRoot
└─ Environment: Root
🎯 Found ADCBuilderAttachment target
🎯 Found AttackCancerAttachment target
Cannot find a BindPoint for any bind path: "", "", "", "", ""
Cannot find a BindPoint for any bind path: "", ""
Cannot find a BindPoint for any bind path: "", ""
=== PROVIDER STATE VERIFICATION ===
├─ Expected State: Running
├─ World Provider: ✅ [running]
├─ Hand Tracking Needed: true
└─ Hand Provider: ✅ [running]
=== TRACKING STATE [Post-Start] ===
├─ Tracking Enabled: true
├─ Hand Tracking Enabled: true
└─ Current Provider State: initialized
=== DEVICE ANCHOR INFO ===
├─ Head Transform: simd_float4x4([[0.9999627, -0.007534394, 0.0042574187, 0.0], [0.0069410196, 0.992079, 0.12542313, 0.0], [-0.00516864, -0.1253889, 0.99209416, 0.0], [0.0012134723, 0.8798233, -0.09897048, 0.99999994]])
├─ Position X: 0.0012134723
├─ Position Y: 0.8798233
└─ Position Z: -0.09897048
=== PROVIDER STATES ===
├─ World Provider: running
├─ Hand Provider: running
└─ Stopped with Error: false
=== PROVIDER STATE VERIFICATION ===
├─ Expected State: Running
├─ World Provider: ✅ [running]
├─ Hand Tracking Needed: true
└─ Hand Provider: ✅ [running]
✅ Tracking started successfully on attempt 1

🧹 === Post-Cleanup State ===
├─ Asset Manager State: completed
├─ Immersive Space: open
├─ Tracking State: running
└─ Cached Assets: attack_cancer_environment, assembled_lab, adc, intro_environment, cancer_cell

📍 === Phase Set Complete ===
├─ New Phase: intro
├─ Asset State: completed
├─ Space State: open
└─ Tracking Ready: true
✅ Phase transition completed: intro
=== ✅ ASSET LOAD COMPLETE ===
=== TRACKING STATE [Provider State Change [running]] ===
├─ Tracking Enabled: true
├─ Hand Tracking Enabled: true
└─ Current Provider State: initialized
=== DEVICE ANCHOR INFO ===
├─ Head Transform: simd_float4x4([[0.99996233, -0.007545348, 0.004279067, 0.0], [0.0069491006, 0.9920778, 0.1254326, 0.0], [-0.0051916162, -0.12539813, 0.9920929, 0.0], [0.0012122989, 0.8798236, -0.09896907, 1.0]])
├─ Position X: 0.0012122989
├─ Position Y: 0.8798236
└─ Position Z: -0.09896907
=== PROVIDER STATES ===
├─ World Provider: running
├─ Hand Provider: running
└─ Stopped with Error: false
=== TRACKING ACTIVE ===
Failed to set override status for bind point component member.

📍 Positioning Requested: Starting head tracking
🎯 Head Position Update Ready

=== Head Position Update Started ===

✨ Head Position Update Complete
└─ Position: SIMD3<Float>(-0.0017768482, -0.6233712, -1.1065892)
Failed to set override status for bind point component member.
✨ Positioning Complete
├─ Phase: intro
├─ ImmersiveSpaceState: open
├─ Root Entity: IntroRoot
└─ Environment Ready: Root
✅ Found portal for attachments

=== ATTACHMENT SETUP in IntroViewModel ===

=== LOGO SETUP in IntroViewModel ===
├─ Entity: logo
├─ Scale: 0.5
└─ Initial Opacity: 0

=== TITLE SETUP in IntroViewModel ===
├─ Entity: outdoCancer
└─ Initial Opacity: 0

=== ✅ ATTACHMENT SETUP COMPLETE in IntroViewModel ===
Cannot find a BindPoint for any bind path: "", "", "", "", "", "", "", "", "", "", "", ""
Cannot find a BindPoint for any bind path: "", "", "", "", "", "", "", "", "", "", "", "", "", "", "", ""
Cannot find a BindPoint for any bind path: "", "", "", "", "", "", "", "", "", "", "", "", "", "", "", "", "", "", "", "", "", "", "", "", "", ""
Cannot find a BindPoint for any bind path: "", "", "", "", "", "", "", "", "", "", "", ""
Cannot find a BindPoint for any bind path: "", "", "", "", "", "", "", "", "", "", "", "", "", "", "", ""
Cannot find a BindPoint for any bind path: "", "", "", "", "", "", "", "", "", "", "", "", "", "", "", "", "", "", "", "", "", "", "", "", "", ""
Cannot find a BindPoint for any bind path: "", "", "", ""

=== ANIMATION SEQUENCE in IntroViewModel ===

=== ✅ ANIMATION SEQUENCE COMPLETE in IntroViewModel ===
Failed to set override status for bind point component member.
Message from debugger: killed